<?xml version="1.0" encoding="UTF-8"?>
<!-- Generated by org.testng.reporters.JUnitReportReporter -->
<testsuite skipped="0" hostname="ip-172-31-65-114" name="TestCase1" tests="1" failures="0" timestamp="2021-06-19T04:41:32 UTC" time="0.009" errors="0">
  <testcase name="Logintest" time="0.009" classname="TestCase1"/>
  <system-out/>
</testsuite> <!-- TestCase1 -->
