<?xml version="1.0" encoding="UTF-8"?>
<!-- Generated by org.testng.reporters.JUnitReportReporter -->
<testsuite skipped="0" hostname="ip-172-31-65-114" name="test.TestCase2" tests="3" failures="0" timestamp="2021-06-19T06:56:56 UTC" time="0.006" errors="0">
  <testcase name="Homepage" time="0.001" classname="test.TestCase2"/>
  <system-out/>
  <testcase name="Signuptest" time="0.004" classname="test.TestCase2"/>
  <system-out/>
  <testcase name="Logintest2" time="0.001" classname="test.TestCase2"/>
  <system-out/>
</testsuite> <!-- test.TestCase2 -->
