<?xml version="1.0" encoding="UTF-8"?>
<!-- Generated by org.testng.reporters.JUnitReportReporter -->
<testsuite skipped="0" hostname="ip-172-31-65-114" name="test2.Testcase3" tests="1" failures="0" timestamp="2021-06-19T06:56:56 UTC" time="0.001" errors="0">
  <testcase name="Logintest" time="0.001" classname="test2.Testcase3"/>
  <system-out/>
</testsuite> <!-- test2.Testcase3 -->
